<?xml version="1.0" encoding="UTF-8"?>
<!-- Generated by org.testng.reporters.JUnitReportReporter -->
<testsuite skipped="0" hostname="DESKTOP-PF412EF" name="com.abhyuday.seleniumbddwithreports.scripts.TestRegForm" tests="1" failures="0" timestamp="04 Sep 2019 12:48:42 GMT" time="12.914" errors="0">
  <testcase name="testWithPreprodData" time="12.914" classname="com.abhyuday.seleniumbddwithreports.scripts.TestRegForm"/>
</testsuite> <!-- com.abhyuday.seleniumbddwithreports.scripts.TestRegForm -->
