<?xml version="1.0" encoding="UTF-8"?>
<!-- Generated by org.testng.reporters.JUnitReportReporter -->
<testsuite skipped="0" hostname="DESKTOP-PF412EF" name="com.abhyuday.seleniumbddwithreports.scripts.TestW3Schools" tests="4" failures="0" timestamp="28 Aug 2019 12:07:21 GMT" time="11.456" errors="0">
  <testcase name="goToLearnHTML" time="1.691" classname="com.abhyuday.seleniumbddwithreports.scripts.TestW3Schools"/>
  <testcase name="goToHTMLInputTypes" time="1.845" classname="com.abhyuday.seleniumbddwithreports.scripts.TestW3Schools"/>
  <testcase name="openTryItForRadioButton" time="1.775" classname="com.abhyuday.seleniumbddwithreports.scripts.TestW3Schools"/>
  <testcase name="operateOnRadioButtons" time="6.145" classname="com.abhyuday.seleniumbddwithreports.scripts.TestW3Schools"/>
</testsuite> <!-- com.abhyuday.seleniumbddwithreports.scripts.TestW3Schools -->
