<?xml version="1.0" encoding="UTF-8"?>
<!-- Generated by org.testng.reporters.JUnitReportReporter -->
<testsuite skipped="0" hostname="DESKTOP-PF412EF" name="com.abhyuday.seleniumbddwithreports.scripts.TestW3Schools" tests="9" failures="0" timestamp="29 Aug 2019 12:21:54 GMT" time="27.547" errors="0">
  <testcase name="goToLearnHTML" time="1.987" classname="com.abhyuday.seleniumbddwithreports.scripts.TestW3Schools"/>
  <testcase name="goToHTMLInputTypes" time="2.513" classname="com.abhyuday.seleniumbddwithreports.scripts.TestW3Schools"/>
  <testcase name="openTryItForRadioButton" time="4.865" classname="com.abhyuday.seleniumbddwithreports.scripts.TestW3Schools"/>
  <testcase name="operateOnRadioButtons" time="6.590" classname="com.abhyuday.seleniumbddwithreports.scripts.TestW3Schools"/>
  <testcase name="openTryItForCheckBox" time="1.686" classname="com.abhyuday.seleniumbddwithreports.scripts.TestW3Schools"/>
  <testcase name="operateOnCheckBoxes" time="1.400" classname="com.abhyuday.seleniumbddwithreports.scripts.TestW3Schools"/>
  <testcase name="openHTMLSelectTagPage" time="4.058" classname="com.abhyuday.seleniumbddwithreports.scripts.TestW3Schools"/>
  <testcase name="openTryItForSelectTag" time="2.932" classname="com.abhyuday.seleniumbddwithreports.scripts.TestW3Schools"/>
  <testcase name="selectDropDown" time="1.516" classname="com.abhyuday.seleniumbddwithreports.scripts.TestW3Schools"/>
</testsuite> <!-- com.abhyuday.seleniumbddwithreports.scripts.TestW3Schools -->
