<?xml version="1.0" encoding="UTF-8"?>
<!-- Generated by org.testng.reporters.JUnitReportReporter -->
<testsuite skipped="0" hostname="DESKTOP-PF412EF" name="com.abhyuday.seleniumbddwithreports.scripts.TestGoogle" tests="1" failures="0" timestamp="21 Aug 2019 13:00:24 GMT" time="7.964" errors="0">
  <testcase name="searchTest" time="7.964" classname="com.abhyuday.seleniumbddwithreports.scripts.TestGoogle"/>
</testsuite> <!-- com.abhyuday.seleniumbddwithreports.scripts.TestGoogle -->
